<?xml version="1.0" encoding="UTF-8"?>
<!-- Generated by org.testng.reporters.JUnitReportReporter -->
<testsuite skipped="0" hostname="BADBOY" name="Test.PraticePageTest" tests="10" failures="0" timestamp="2022-03-15T17:50:34 IST" time="29.071" errors="0">
  <testcase name="checkAlert" time="0.397" classname="Test.PraticePageTest"/>
  <system-out/>
  <testcase name="checkHideFunction" time="0.231" classname="Test.PraticePageTest"/>
  <system-out/>
  <testcase name="checkTab" time="16.497" classname="Test.PraticePageTest"/>
  <system-out/>
  <testcase name="checkIframe" time="4.366" classname="Test.PraticePageTest"/>
  <system-out/>
  <testcase name="CheckRadioButton" time="0.397" classname="Test.PraticePageTest"/>
  <system-out/>
  <testcase name="checkCheckbox" time="0.378" classname="Test.PraticePageTest"/>
  <system-out/>
  <testcase name="checkOptions" time="0.183" classname="Test.PraticePageTest"/>
  <system-out/>
  <testcase name="checkWindow" time="5.413" classname="Test.PraticePageTest"/>
  <system-out/>
  <testcase name="checkEnable" time="0.395" classname="Test.PraticePageTest"/>
  <system-out/>
  <testcase name="checkMulitpleSelect" time="0.814" classname="Test.PraticePageTest"/>
  <system-out/>
</testsuite> <!-- Test.PraticePageTest -->
