<?xml version="1.0" encoding="UTF-8"?>
<!-- Generated by org.testng.reporters.JUnitReportReporter -->
<testsuite hostname="BADBOY" failures="0" tests="1" name="APITesting.TestPost" time="4.955" errors="0" timestamp="2022-03-24T12:58:26 IST" skipped="0">
  <testcase classname="APITesting.TestPost" name="test" time="4.955"/>
  <system-out/>
</testsuite> <!-- APITesting.TestPost -->
