<?xml version="1.0" encoding="UTF-8"?>
<!-- Generated by org.testng.reporters.JUnitReportReporter -->
<testsuite hostname="BADBOY" failures="0" tests="1" name="APITesting.TestPut" time="3.304" errors="0" timestamp="2022-03-24T12:59:31 IST" skipped="0">
  <testcase classname="APITesting.TestPut" name="test" time="3.304"/>
  <system-out/>
</testsuite> <!-- APITesting.TestPut -->
