<?xml version="1.0" encoding="UTF-8"?>
<!-- Generated by org.testng.reporters.JUnitReportReporter -->
<testsuite hostname="BADBOY" failures="0" tests="3" name="APITesting.TestGet" time="7.360" errors="0" timestamp="2022-03-24T12:53:01 IST" skipped="0">
  <testcase classname="APITesting.TestGet" name="test2" time="2.444"/>
  <system-out/>
  <testcase classname="APITesting.TestGet" name="test1" time="4.094"/>
  <system-out/>
  <testcase classname="APITesting.TestGet" name="test3" time="0.822"/>
  <system-out/>
</testsuite> <!-- APITesting.TestGet -->
