<?xml version="1.0" encoding="UTF-8"?>
<!-- Generated by org.testng.reporters.JUnitReportReporter -->
<testsuite hostname="BADBOY" failures="0" tests="1" name="APITesting.APITest1" time="3.040" errors="0" timestamp="2022-03-20T15:05:35 IST" skipped="0">
  <testcase classname="APITesting.APITest1" name="checkStatus" time="3.040"/>
  <system-out/>
</testsuite> <!-- APITesting.APITest1 -->
