<?xml version="1.0" encoding="UTF-8"?>
<!-- Generated by org.testng.reporters.JUnitReportReporter -->
<testsuite hostname="BADBOY" failures="0" tests="1" name="APITesting.Test01" time="8.204" errors="0" timestamp="2022-03-23T16:10:38 IST" skipped="0">
  <testcase classname="APITesting.Test01" name="test1" time="8.204"/>
  <system-out/>
</testsuite> <!-- APITesting.Test01 -->
