<?xml version="1.0" encoding="UTF-8"?>
<!-- Generated by org.testng.reporters.JUnitReportReporter -->
<testsuite hostname="BADBOY" failures="0" tests="1" name="APITesting.TestPatch" time="6.861" errors="0" timestamp="2022-03-24T12:55:57 IST" skipped="0">
  <testcase classname="APITesting.TestPatch" name="test" time="6.861"/>
  <system-out/>
</testsuite> <!-- APITesting.TestPatch -->
