<?xml version="1.0" encoding="UTF-8"?>
<!-- Generated by org.testng.reporters.JUnitReportReporter -->
<testsuite hostname="BADBOY" failures="0" tests="4" name="Locators.LocatorType" time="62.251" errors="0" timestamp="2022-03-16T11:03:11 IST" skipped="0">
  <testcase classname="Locators.LocatorType" name="checkMultipleSelectById" time="13.755"/>
  <system-out/>
  <testcase classname="Locators.LocatorType" name="checkMultipleSelectByXpath" time="12.298"/>
  <system-out/>
  <testcase classname="Locators.LocatorType" name="checkMultipleSelectByName" time="23.475"/>
  <system-out/>
  <testcase classname="Locators.LocatorType" name="checkMultipleSelectByCss" time="12.723"/>
  <system-out/>
</testsuite> <!-- Locators.LocatorType -->
