<?xml version="1.0" encoding="UTF-8"?>
<!-- Generated by org.testng.reporters.JUnitReportReporter -->
<testsuite hostname="BADBOY" failures="0" tests="1" name="Pages.PracticePage" time="0.160" errors="0" timestamp="2022-03-09T15:07:27 IST" skipped="0">
  <testcase classname="Pages.PracticePage" name="checkRadio" time="0.160"/>
  <system-out/>
</testsuite> <!-- Pages.PracticePage -->
