<?xml version="1.0" encoding="UTF-8"?>
<!-- Generated by org.testng.reporters.JUnitReportReporter -->
<testsuite hostname="BADBOY" failures="0" tests="1" name="Pages.TEst" time="0.008" errors="0" timestamp="2022-03-15T16:10:53 IST" skipped="0">
  <testcase classname="Pages.TEst" name="test" time="0.008"/>
  <system-out/>
</testsuite> <!-- Pages.TEst -->
