<?xml version="1.0" encoding="UTF-8"?>
<!-- Generated by org.testng.reporters.JUnitReportReporter -->
<testsuite hostname="BADBOY" failures="0" tests="1" name="ndtv.Temperature_Param" time="5.519" errors="0" timestamp="2022-03-01T15:12:26 IST" skipped="0">
  <testcase classname="ndtv.Temperature_Param" name="temperature" time="5.519"/>
  <system-out/>
</testsuite> <!-- ndtv.Temperature_Param -->
