<?xml version="1.0" encoding="UTF-8"?>
<!-- Generated by org.testng.reporters.JUnitReportReporter -->
<testsuite hostname="BADBOY" failures="0" tests="3" name="ndtv.Temperature_DP" time="2.675" errors="0" timestamp="2022-02-28T11:20:08 IST" skipped="0">
  <testcase classname="ndtv.Temperature_DP" name="temperature" time="1.566"/>
  <system-out/>
  <testcase classname="ndtv.Temperature_DP" name="temperature" time="0.536"/>
  <system-out/>
  <testcase classname="ndtv.Temperature_DP" name="temperature" time="0.573"/>
  <system-out/>
</testsuite> <!-- ndtv.Temperature_DP -->
