<?xml version="1.0" encoding="UTF-8"?>
<!-- Generated by org.testng.reporters.JUnitReportReporter -->
<testsuite hostname="BADBOY" failures="0" tests="1" name="ndtv.test" time="0.007" errors="0" timestamp="2022-03-02T12:00:15 IST" skipped="0">
  <testcase classname="ndtv.test" name="getvalue" time="0.007"/>
  <system-out/>
</testsuite> <!-- ndtv.test -->
