<?xml version="1.0" encoding="UTF-8"?>
<!-- Generated by org.testng.reporters.JUnitReportReporter -->
<testsuite hostname="BADBOY" failures="0" tests="1" name="With_Yaml.Temperature_yaml" time="10.785" errors="0" timestamp="2022-03-07T15:53:26 IST" skipped="0">
  <testcase classname="With_Yaml.Temperature_yaml" name="CheckTemperature" time="10.785"/>
  <system-out/>
</testsuite> <!-- With_Yaml.Temperature_yaml -->
