<?xml version="1.0" encoding="UTF-8"?>
<!-- Generated by org.testng.reporters.JUnitReportReporter -->
<testsuite hostname="BADBOY" failures="0" tests="5" name="TestNg.DataProvider1" time="0.012" errors="0" timestamp="2022-02-26T13:34:18 IST" skipped="0">
  <testcase classname="TestNg.DataProvider1" name="testCase1" time="0.003"/>
  <system-out/>
  <testcase classname="TestNg.DataProvider1" name="testCase1" time="0.001"/>
  <system-out/>
  <testcase classname="TestNg.DataProvider1" name="testCase1" time="0.005"/>
  <system-out/>
  <testcase classname="TestNg.DataProvider1" name="testCase1" time="0.001"/>
  <system-out/>
  <testcase classname="TestNg.DataProvider1" name="testCase1" time="0.002"/>
  <system-out/>
</testsuite> <!-- TestNg.DataProvider1 -->
