<?xml version="1.0" encoding="UTF-8"?>
<!-- Generated by org.testng.reporters.JUnitReportReporter -->
<testsuite hostname="BADBOY" failures="0" tests="1" name="Yaml.browser01" time="0.005" errors="0" timestamp="2022-02-25T21:28:35 IST" skipped="0">
  <testcase classname="Yaml.browser01" name="Browser" time="0.005"/>
  <system-out/>
</testsuite> <!-- Yaml.browser01 -->
