<?xml version="1.0" encoding="UTF-8"?>
<!-- Generated by org.testng.reporters.JUnitReportReporter -->
<testsuite hostname="BADBOY" failures="0" tests="2" name="Yaml.TestngAnnotation" time="0.003" errors="0" timestamp="2022-02-25T21:28:35 IST" skipped="1">
  <testcase classname="Yaml.TestngAnnotation" name="testCase1" time="0.003"/>
  <system-out/>
  <testcase classname="Yaml.TestngAnnotation" name="testCase2">
    <skipped/>
  </testcase> <!-- testCase2 -->
  <system-out/>
</testsuite> <!-- Yaml.TestngAnnotation -->
