<?xml version="1.0" encoding="UTF-8"?>
<!-- Generated by org.testng.reporters.JUnitReportReporter -->
<testsuite hostname="BADBOY" failures="0" tests="2" name="TestNg.TestngAnnotation" time="0.005" errors="0" timestamp="2022-02-28T11:54:14 IST" skipped="0">
  <testcase classname="TestNg.TestngAnnotation" name="testCase1" time="0.004"/>
  <system-out/>
  <testcase classname="TestNg.TestngAnnotation" name="testCase2" time="0.001"/>
  <system-out/>
</testsuite> <!-- TestNg.TestngAnnotation -->
