<?xml version="1.0" encoding="UTF-8"?>
<!-- Generated by org.testng.reporters.JUnitReportReporter -->
<testsuite hostname="BADBOY" failures="0" tests="1" name="Test.test01" time="4.088" errors="0" timestamp="2022-03-09T12:31:38 IST" skipped="0">
  <testcase classname="Test.test01" name="openchrome" time="4.088"/>
  <system-out/>
</testsuite> <!-- Test.test01 -->
