<?xml version="1.0" encoding="UTF-8"?>
<!-- Generated by org.testng.reporters.JUnitReportReporter -->
<testsuite hostname="BADBOY" failures="0" tests="1" name="JSONWriting.JsonWrite03" time="0.015" errors="0" timestamp="2022-03-10T21:25:36 IST" skipped="0">
  <testcase classname="JSONWriting.JsonWrite03" name="writedata" time="0.015"/>
  <system-out/>
</testsuite> <!-- JSONWriting.JsonWrite03 -->
