<?xml version="1.0" encoding="UTF-8"?>
<!-- Generated by org.testng.reporters.JUnitReportReporter -->
<testsuite hostname="BADBOY" failures="0" tests="1" name="JSONWriting.JsonWrite02" time="0.023" errors="1" timestamp="2022-03-10T21:06:19 IST" skipped="0">
  <testcase classname="JSONWriting.JsonWrite02" name="writedata" time="0.023">
    <error type="java.lang.StackOverflowError">
      <![CDATA[java.lang.StackOverflowError
at java.base/java.lang.StringBuffer.append(StringBuffer.java:425)
at org.json.simple.JSONObject.toJSONString(JSONObject.java:112)
at org.json.simple.JSONObject.toJSONString(JSONObject.java:101)
at org.json.simple.JSONObject.toJSONString(JSONObject.java:108)
at org.json.simple.JSONValue.toJSONString(JSONValue.java:199)
at org.json.simple.JSONArray.toJSONString(JSONArray.java:91)
at org.json.simple.JSONArray.toJSONString(JSONArray.java:98)
at org.json.simple.JSONValue.toJSONString(JSONValue.java:199)
at org.json.simple.JSONObject.toJSONString(JSONObject.java:119)
at org.json.simple.JSONObject.toJSONString(JSONObject.java:101)
at org.json.simple.JSONObject.toJSONString(JSONObject.java:108)
at org.json.simple.JSONValue.toJSONString(JSONValue.java:199)
at org.json.simple.JSONArray.toJSONString(JSONArray.java:91)
at org.json.simple.JSONArray.toJSONString(JSONArray.java:98)
at org.json.simple.JSONValue.toJSONString(JSONValue.java:199)
at org.json.simple.JSONObject.toJSONString(JSONObject.java:119)
at org.json.simple.JSONObject.toJSONString(JSONObject.java:101)
at org.json.simple.JSONObject.toJSONString(JSONObject.java:108)
at org.json.simple.JSONValue.toJSONString(JSONValue.java:199)
at org.json.simple.JSONArray.toJSONString(JSONArray.java:91)
at org.json.simple.JSONArray.toJSONString(JSONArray.java:98)
at org.json.simple.JSONValue.toJSONString(JSONValue.java:199)
at org.json.simple.JSONObject.toJSONString(JSONObject.java:119)
at org.json.simple.JSONObject.toJSONString(JSONObject.java:101)
at org.json.simple.JSONObject.toJSONString(JSONObject.java:108)
at org.json.simple.JSONValue.toJSONString(JSONValue.java:199)
at org.json.simple.JSONArray.toJSONString(JSONArray.java:91)
at org.json.simple.JSONArray.toJSONString(JSONArray.java:98)
at org.json.simple.JSONValue.toJSONString(JSONValue.java:199)
at org.json.simple.JSONObject.toJSONString(JSONObject.java:119)
at org.json.simple.JSONObject.toJSONString(JSONObject.java:101)
at org.json.simple.JSONObject.toJSONString(JSONObject.java:108)
at org.json.simple.JSONValue.toJSONString(JSONValue.java:199)
at org.json.simple.JSONArray.toJSONString(JSONArray.java:91)
at org.json.simple.JSONArray.toJSONString(JSONArray.java:98)
at org.json.simple.JSONValue.toJSONString(JSONValue.java:199)
at org.json.simple.JSONObject.toJSONString(JSONObject.java:119)
at org.json.simple.JSONObject.toJSONString(JSONObject.java:101)
at org.json.simple.JSONObject.toJSONString(JSONObject.java:108)
at org.json.simple.JSONValue.toJSONString(JSONValue.java:199)
at org.json.simple.JSONArray.toJSONString(JSONArray.java:91)
at org.json.simple.JSONArray.toJSONString(JSONArray.java:98)
at org.json.simple.JSONValue.toJSONString(JSONValue.java:199)
at org.json.simple.JSONObject.toJSONString(JSONObject.java:119)
at org.json.simple.JSONObject.toJSONString(JSONObject.java:101)
at org.json.simple.JSONObject.toJSONString(JSONObject.java:108)
at org.json.simple.JSONValue.toJSONString(JSONValue.java:199)
at org.json.simple.JSONArray.toJSONString(JSONArray.java:91)
at org.json.simple.JSONArray.toJSONString(JSONArray.java:98)
at org.json.simple.JSONValue.toJSONString(JSONValue.java:199)
at org.json.simple.JSONObject.toJSONString(JSONObject.java:119)
at org.json.simple.JSONObject.toJSONString(JSONObject.java:101)
at org.json.simple.JSONObject.toJSONString(JSONObject.java:108)
at org.json.simple.JSONValue.toJSONString(JSONValue.java:199)
at org.json.simple.JSONArray.toJSONString(JSONArray.java:91)
at org.json.simple.JSONArray.toJSONString(JSONArray.java:98)
at org.json.simple.JSONValue.toJSONString(JSONValue.java:199)
at org.json.simple.JSONObject.toJSONString(JSONObject.java:119)
at org.json.simple.JSONObject.toJSONString(JSONObject.java:101)
at org.json.simple.JSONObject.toJSONString(JSONObject.java:108)
at org.json.simple.JSONValue.toJSONString(JSONValue.java:199)
at org.json.simple.JSONArray.toJSONString(JSONArray.java:91)
at org.json.simple.JSONArray.toJSONString(JSONArray.java:98)
at org.json.simple.JSONValue.toJSONString(JSONValue.java:199)
at org.json.simple.JSONObject.toJSONString(JSONObject.java:119)
at org.json.simple.JSONObject.toJSONString(JSONObject.java:101)
at org.json.simple.JSONObject.toJSONString(JSONObject.java:108)
at org.json.simple.JSONValue.toJSONString(JSONValue.java:199)
at org.json.simple.JSONArray.toJSONString(JSONArray.java:91)
at org.json.simple.JSONArray.toJSONString(JSONArray.java:98)
at org.json.simple.JSONValue.toJSONString(JSONValue.java:199)
at org.json.simple.JSONObject.toJSONString(JSONObject.java:119)
at org.json.simple.JSONObject.toJSONString(JSONObject.java:101)
at org.json.simple.JSONObject.toJSONString(JSONObject.java:108)
at org.json.simple.JSONValue.toJSONString(JSONValue.java:199)
at org.json.simple.JSONArray.toJSONString(JSONArray.java:91)
at org.json.simple.JSONArray.toJSONString(JSONArray.java:98)
at org.json.simple.JSONValue.toJSONString(JSONValue.java:199)
at org.json.simple.JSONObject.toJSONString(JSONObject.java:119)
at org.json.simple.JSONObject.toJSONString(JSONObject.java:101)
at org.json.simple.JSONObject.toJSONString(JSONObject.java:108)
at org.json.simple.JSONValue.toJSONString(JSONValue.java:199)
at org.json.simple.JSONArray.toJSONString(JSONArray.java:91)
at org.json.simple.JSONArray.toJSONString(JSONArray.java:98)
at org.json.simple.JSONValue.toJSONString(JSONValue.java:199)
at org.json.simple.JSONObject.toJSONString(JSONObject.java:119)
at org.json.simple.JSONObject.toJSONString(JSONObject.java:101)
at org.json.simple.JSONObject.toJSONString(JSONObject.java:108)
at org.json.simple.JSONValue.toJSONString(JSONValue.java:199)
at org.json.simple.JSONArray.toJSONString(JSONArray.java:91)
at org.json.simple.JSONArray.toJSONString(JSONArray.java:98)
at org.json.simple.JSONValue.toJSONString(JSONValue.java:199)
at org.json.simple.JSONObject.toJSONString(JSONObject.java:119)
at org.json.simple.JSONObject.toJSONString(JSONObject.java:101)
at org.json.simple.JSONObject.toJSONString(JSONObject.java:108)
at org.json.simple.JSONValue.toJSONString(JSONValue.java:199)
at org.json.simple.JSONArray.toJSONString(JSONArray.java:91)
at org.json.simple.JSONArray.toJSONString(JSONArray.java:98)
at org.json.simple.JSONValue.toJSONString(JSONValue.java:199)
at org.json.simple.JSONObject.toJSONString(JSONObject.java:119)
at org.json.simple.JSONObject.toJSONString(JSONObject.java:101)
at org.json.simple.JSONObject.toJSONString(JSONObject.java:108)
at org.json.simple.JSONValue.toJSONString(JSONValue.java:199)
at org.json.simple.JSONArray.toJSONString(JSONArray.java:91)
at org.json.simple.JSONArray.toJSONString(JSONArray.java:98)
at org.json.simple.JSONValue.toJSONString(JSONValue.java:199)
at org.json.simple.JSONObject.toJSONString(JSONObject.java:119)
at org.json.simple.JSONObject.toJSONString(JSONObject.java:101)
at org.json.simple.JSONObject.toJSONString(JSONObject.java:108)
at org.json.simple.JSONValue.toJSONString(JSONValue.java:199)
at org.json.simple.JSONArray.toJSONString(JSONArray.java:91)
at org.json.simple.JSONArray.toJSONString(JSONArray.java:98)
at org.json.simple.JSONValue.toJSONString(JSONValue.java:199)
at org.json.simple.JSONObject.toJSONString(JSONObject.java:119)
at org.json.simple.JSONObject.toJSONString(JSONObject.java:101)
at org.json.simple.JSONObject.toJSONString(JSONObject.java:108)
at org.json.simple.JSONValue.toJSONString(JSONValue.java:199)
at org.json.simple.JSONArray.toJSONString(JSONArray.java:91)
at org.json.simple.JSONArray.toJSONString(JSONArray.java:98)
at org.json.simple.JSONValue.toJSONString(JSONValue.java:199)
at org.json.simple.JSONObject.toJSONString(JSONObject.java:119)
at org.json.simple.JSONObject.toJSONString(JSONObject.java:101)
at org.json.simple.JSONObject.toJSONString(JSONObject.java:108)
at org.json.simple.JSONValue.toJSONString(JSONValue.java:199)
at org.json.simple.JSONArray.toJSONString(JSONArray.java:91)
at org.json.simple.JSONArray.toJSONString(JSONArray.java:98)
at org.json.simple.JSONValue.toJSONString(JSONValue.java:199)
at org.json.simple.JSONObject.toJSONString(JSONObject.java:119)
at org.json.simple.JSONObject.toJSONString(JSONObject.java:101)
at org.json.simple.JSONObject.toJSONString(JSONObject.java:108)
at org.json.simple.JSONValue.toJSONString(JSONValue.java:199)
at org.json.simple.JSONArray.toJSONString(JSONArray.java:91)
at org.json.simple.JSONArray.toJSONString(JSONArray.java:98)
at org.json.simple.JSONValue.toJSONString(JSONValue.java:199)
at org.json.simple.JSONObject.toJSONString(JSONObject.java:119)
at org.json.simple.JSONObject.toJSONString(JSONObject.java:101)
at org.json.simple.JSONObject.toJSONString(JSONObject.java:108)
at org.json.simple.JSONValue.toJSONString(JSONValue.java:199)
at org.json.simple.JSONArray.toJSONString(JSONArray.java:91)
at org.json.simple.JSONArray.toJSONString(JSONArray.java:98)
at org.json.simple.JSONValue.toJSONString(JSONValue.java:199)
at org.json.simple.JSONObject.toJSONString(JSONObject.java:119)
at org.json.simple.JSONObject.toJSONString(JSONObject.java:101)
at org.json.simple.JSONObject.toJSONString(JSONObject.java:108)
at org.json.simple.JSONValue.toJSONString(JSONValue.java:199)
at org.json.simple.JSONArray.toJSONString(JSONArray.java:91)
at org.json.simple.JSONArray.toJSONString(JSONArray.java:98)
at org.json.simple.JSONValue.toJSONString(JSONValue.java:199)
at org.json.simple.JSONObject.toJSONString(JSONObject.java:119)
at org.json.simple.JSONObject.toJSONString(JSONObject.java:101)
at org.json.simple.JSONObject.toJSONString(JSONObject.java:108)
at org.json.simple.JSONValue.toJSONString(JSONValue.java:199)
at org.json.simple.JSONArray.toJSONString(JSONArray.java:91)
at org.json.simple.JSONArray.toJSONString(JSONArray.java:98)
at org.json.simple.JSONValue.toJSONString(JSONValue.java:199)
at org.json.simple.JSONObject.toJSONString(JSONObject.java:119)
at org.json.simple.JSONObject.toJSONString(JSONObject.java:101)
at org.json.simple.JSONObject.toJSONString(JSONObject.java:108)
at org.json.simple.JSONValue.toJSONString(JSONValue.java:199)
at org.json.simple.JSONArray.toJSONString(JSONArray.java:91)
at org.json.simple.JSONArray.toJSONString(JSONArray.java:98)
at org.json.simple.JSONValue.toJSONString(JSONValue.java:199)
at org.json.simple.JSONObject.toJSONString(JSONObject.java:119)
at org.json.simple.JSONObject.toJSONString(JSONObject.java:101)
at org.json.simple.JSONObject.toJSONString(JSONObject.java:108)
at org.json.simple.JSONValue.toJSONString(JSONValue.java:199)
at org.json.simple.JSONArray.toJSONString(JSONArray.java:91)
at org.json.simple.JSONArray.toJSONString(JSONArray.java:98)
at org.json.simple.JSONValue.toJSONString(JSONValue.java:199)
at org.json.simple.JSONObject.toJSONString(JSONObject.java:119)
at org.json.simple.JSONObject.toJSONString(JSONObject.java:101)
at org.json.simple.JSONObject.toJSONString(JSONObject.java:108)
at org.json.simple.JSONValue.toJSONString(JSONValue.java:199)
at org.json.simple.JSONArray.toJSONString(JSONArray.java:91)
at org.json.simple.JSONArray.toJSONString(JSONArray.java:98)
at org.json.simple.JSONValue.toJSONString(JSONValue.java:199)
at org.json.simple.JSONObject.toJSONString(JSONObject.java:119)
at org.json.simple.JSONObject.toJSONString(JSONObject.java:101)
at org.json.simple.JSONObject.toJSONString(JSONObject.java:108)
at org.json.simple.JSONValue.toJSONString(JSONValue.java:199)
at org.json.simple.JSONArray.toJSONString(JSONArray.java:91)
at org.json.simple.JSONArray.toJSONString(JSONArray.java:98)
at org.json.simple.JSONValue.toJSONString(JSONValue.java:199)
at org.json.simple.JSONObject.toJSONString(JSONObject.java:119)
at org.json.simple.JSONObject.toJSONString(JSONObject.java:101)
at org.json.simple.JSONObject.toJSONString(JSONObject.java:108)
at org.json.simple.JSONValue.toJSONString(JSONValue.java:199)
at org.json.simple.JSONArray.toJSONString(JSONArray.java:91)
at org.json.simple.JSONArray.toJSONString(JSONArray.java:98)
at org.json.simple.JSONValue.toJSONString(JSONValue.java:199)
at org.json.simple.JSONObject.toJSONString(JSONObject.java:119)
at org.json.simple.JSONObject.toJSONString(JSONObject.java:101)
at org.json.simple.JSONObject.toJSONString(JSONObject.java:108)
at org.json.simple.JSONValue.toJSONString(JSONValue.java:199)
at org.json.simple.JSONArray.toJSONString(JSONArray.java:91)
at org.json.simple.JSONArray.toJSONString(JSONArray.java:98)
at org.json.simple.JSONValue.toJSONString(JSONValue.java:199)
at org.json.simple.JSONObject.toJSONString(JSONObject.java:119)
at org.json.simple.JSONObject.toJSONString(JSONObject.java:101)
at org.json.simple.JSONObject.toJSONString(JSONObject.java:108)
at org.json.simple.JSONValue.toJSONString(JSONValue.java:199)
at org.json.simple.JSONArray.toJSONString(JSONArray.java:91)
at org.json.simple.JSONArray.toJSONString(JSONArray.java:98)
at org.json.simple.JSONValue.toJSONString(JSONValue.java:199)
at org.json.simple.JSONObject.toJSONString(JSONObject.java:119)
at org.json.simple.JSONObject.toJSONString(JSONObject.java:101)
at org.json.simple.JSONObject.toJSONString(JSONObject.java:108)
at org.json.simple.JSONValue.toJSONString(JSONValue.java:199)
at org.json.simple.JSONArray.toJSONString(JSONArray.java:91)
at org.json.simple.JSONArray.toJSONString(JSONArray.java:98)
at org.json.simple.JSONValue.toJSONString(JSONValue.java:199)
at org.json.simple.JSONObject.toJSONString(JSONObject.java:119)
at org.json.simple.JSONObject.toJSONString(JSONObject.java:101)
at org.json.simple.JSONObject.toJSONString(JSONObject.java:108)
at org.json.simple.JSONValue.toJSONString(JSONValue.java:199)
at org.json.simple.JSONArray.toJSONString(JSONArray.java:91)
at org.json.simple.JSONArray.toJSONString(JSONArray.java:98)
at org.json.simple.JSONValue.toJSONString(JSONValue.java:199)
at org.json.simple.JSONObject.toJSONString(JSONObject.java:119)
at org.json.simple.JSONObject.toJSONString(JSONObject.java:101)
at org.json.simple.JSONObject.toJSONString(JSONObject.java:108)
at org.json.simple.JSONValue.toJSONString(JSONValue.java:199)
at org.json.simple.JSONArray.toJSONString(JSONArray.java:91)
at org.json.simple.JSONArray.toJSONString(JSONArray.java:98)
at org.json.simple.JSONValue.toJSONString(JSONValue.java:199)
at org.json.simple.JSONObject.toJSONString(JSONObject.java:119)
at org.json.simple.JSONObject.toJSONString(JSONObject.java:101)
at org.json.simple.JSONObject.toJSONString(JSONObject.java:108)
at org.json.simple.JSONValue.toJSONString(JSONValue.java:199)
at org.json.simple.JSONArray.toJSONString(JSONArray.java:91)
at org.json.simple.JSONArray.toJSONString(JSONArray.java:98)
at org.json.simple.JSONValue.toJSONString(JSONValue.java:199)
at org.json.simple.JSONObject.toJSONString(JSONObject.java:119)
at org.json.simple.JSONObject.toJSONString(JSONObject.java:101)
at org.json.simple.JSONObject.toJSONString(JSONObject.java:108)
at org.json.simple.JSONValue.toJSONString(JSONValue.java:199)
at org.json.simple.JSONArray.toJSONString(JSONArray.java:91)
at org.json.simple.JSONArray.toJSONString(JSONArray.java:98)
at org.json.simple.JSONValue.toJSONString(JSONValue.java:199)
at org.json.simple.JSONObject.toJSONString(JSONObject.java:119)
at org.json.simple.JSONObject.toJSONString(JSONObject.java:101)
at org.json.simple.JSONObject.toJSONString(JSONObject.java:108)
at org.json.simple.JSONValue.toJSONString(JSONValue.java:199)
at org.json.simple.JSONArray.toJSONString(JSONArray.java:91)
at org.json.simple.JSONArray.toJSONString(JSONArray.java:98)
at org.json.simple.JSONValue.toJSONString(JSONValue.java:199)
at org.json.simple.JSONObject.toJSONString(JSONObject.java:119)
at org.json.simple.JSONObject.toJSONString(JSONObject.java:101)
at org.json.simple.JSONObject.toJSONString(JSONObject.java:108)
at org.json.simple.JSONValue.toJSONString(JSONValue.java:199)
at org.json.simple.JSONArray.toJSONString(JSONArray.java:91)
at org.json.simple.JSONArray.toJSONString(JSONArray.java:98)
at org.json.simple.JSONValue.toJSONString(JSONValue.java:199)
at org.json.simple.JSONObject.toJSONString(JSONObject.java:119)
at org.json.simple.JSONObject.toJSONString(JSONObject.java:101)
at org.json.simple.JSONObject.toJSONString(JSONObject.java:108)
at org.json.simple.JSONValue.toJSONString(JSONValue.java:199)
at org.json.simple.JSONArray.toJSONString(JSONArray.java:91)
at org.json.simple.JSONArray.toJSONString(JSONArray.java:98)
at org.json.simple.JSONValue.toJSONString(JSONValue.java:199)
at org.json.simple.JSONObject.toJSONString(JSONObject.java:119)
at org.json.simple.JSONObject.toJSONString(JSONObject.java:101)
at org.json.simple.JSONObject.toJSONString(JSONObject.java:108)
at org.json.simple.JSONValue.toJSONString(JSONValue.java:199)
at org.json.simple.JSONArray.toJSONString(JSONArray.java:91)
at org.json.simple.JSONArray.toJSONString(JSONArray.java:98)
at org.json.simple.JSONValue.toJSONString(JSONValue.java:199)
at org.json.simple.JSONObject.toJSONString(JSONObject.java:119)
at org.json.simple.JSONObject.toJSONString(JSONObject.java:101)
at org.json.simple.JSONObject.toJSONString(JSONObject.java:108)
at org.json.simple.JSONValue.toJSONString(JSONValue.java:199)
at org.json.simple.JSONArray.toJSONString(JSONArray.java:91)
at org.json.simple.JSONArray.toJSONString(JSONArray.java:98)
at org.json.simple.JSONValue.toJSONString(JSONValue.java:199)
at org.json.simple.JSONObject.toJSONString(JSONObject.java:119)
at org.json.simple.JSONObject.toJSONString(JSONObject.java:101)
at org.json.simple.JSONObject.toJSONString(JSONObject.java:108)
at org.json.simple.JSONValue.toJSONString(JSONValue.java:199)
at org.json.simple.JSONArray.toJSONString(JSONArray.java:91)
at org.json.simple.JSONArray.toJSONString(JSONArray.java:98)
at org.json.simple.JSONValue.toJSONString(JSONValue.java:199)
at org.json.simple.JSONObject.toJSONString(JSONObject.java:119)
at org.json.simple.JSONObject.toJSONString(JSONObject.java:101)
at org.json.simple.JSONObject.toJSONString(JSONObject.java:108)
at org.json.simple.JSONValue.toJSONString(JSONValue.java:199)
at org.json.simple.JSONArray.toJSONString(JSONArray.java:91)
at org.json.simple.JSONArray.toJSONString(JSONArray.java:98)
at org.json.simple.JSONValue.toJSONString(JSONValue.java:199)
at org.json.simple.JSONObject.toJSONString(JSONObject.java:119)
at org.json.simple.JSONObject.toJSONString(JSONObject.java:101)
at org.json.simple.JSONObject.toJSONString(JSONObject.java:108)
at org.json.simple.JSONValue.toJSONString(JSONValue.java:199)
at org.json.simple.JSONArray.toJSONString(JSONArray.java:91)
at org.json.simple.JSONArray.toJSONString(JSONArray.java:98)
at org.json.simple.JSONValue.toJSONString(JSONValue.java:199)
at org.json.simple.JSONObject.toJSONString(JSONObject.java:119)
at org.json.simple.JSONObject.toJSONString(JSONObject.java:101)
at org.json.simple.JSONObject.toJSONString(JSONObject.java:108)
at org.json.simple.JSONValue.toJSONString(JSONValue.java:199)
at org.json.simple.JSONArray.toJSONString(JSONArray.java:91)
at org.json.simple.JSONArray.toJSONString(JSONArray.java:98)
at org.json.simple.JSONValue.toJSONString(JSONValue.java:199)
at org.json.simple.JSONObject.toJSONString(JSONObject.java:119)
at org.json.simple.JSONObject.toJSONString(JSONObject.java:101)
at org.json.simple.JSONObject.toJSONString(JSONObject.java:108)
at org.json.simple.JSONValue.toJSONString(JSONValue.java:199)
at org.json.simple.JSONArray.toJSONString(JSONArray.java:91)
at org.json.simple.JSONArray.toJSONString(JSONArray.java:98)
at org.json.simple.JSONValue.toJSONString(JSONValue.java:199)
at org.json.simple.JSONObject.toJSONString(JSONObject.java:119)
at org.json.simple.JSONObject.toJSONString(JSONObject.java:101)
at org.json.simple.JSONObject.toJSONString(JSONObject.java:108)
at org.json.simple.JSONValue.toJSONString(JSONValue.java:199)
at org.json.simple.JSONArray.toJSONString(JSONArray.java:91)
at org.json.simple.JSONArray.toJSONString(JSONArray.java:98)
at org.json.simple.JSONValue.toJSONString(JSONValue.java:199)
at org.json.simple.JSONObject.toJSONString(JSONObject.java:119)
at org.json.simple.JSONObject.toJSONString(JSONObject.java:101)
at org.json.simple.JSONObject.toJSONString(JSONObject.java:108)
at org.json.simple.JSONValue.toJSONString(JSONValue.java:199)
at org.json.simple.JSONArray.toJSONString(JSONArray.java:91)
at org.json.simple.JSONArray.toJSONString(JSONArray.java:98)
at org.json.simple.JSONValue.toJSONString(JSONValue.java:199)
at org.json.simple.JSONObject.toJSONString(JSONObject.java:119)
at org.json.simple.JSONObject.toJSONString(JSONObject.java:101)
at org.json.simple.JSONObject.toJSONString(JSONObject.java:108)
at org.json.simple.JSONValue.toJSONString(JSONValue.java:199)
at org.json.simple.JSONArray.toJSONString(JSONArray.java:91)
at org.json.simple.JSONArray.toJSONString(JSONArray.java:98)
at org.json.simple.JSONValue.toJSONString(JSONValue.java:199)
at org.json.simple.JSONObject.toJSONString(JSONObject.java:119)
at org.json.simple.JSONObject.toJSONString(JSONObject.java:101)
at org.json.simple.JSONObject.toJSONString(JSONObject.java:108)
at org.json.simple.JSONValue.toJSONString(JSONValue.java:199)
at org.json.simple.JSONArray.toJSONString(JSONArray.java:91)
at org.json.simple.JSONArray.toJSONString(JSONArray.java:98)
at org.json.simple.JSONValue.toJSONString(JSONValue.java:199)
at org.json.simple.JSONObject.toJSONString(JSONObject.java:119)
at org.json.simple.JSONObject.toJSONString(JSONObject.java:101)
at org.json.simple.JSONObject.toJSONString(JSONObject.java:108)
at org.json.simple.JSONValue.toJSONString(JSONValue.java:199)
at org.json.simple.JSONArray.toJSONString(JSONArray.java:91)
at org.json.simple.JSONArray.toJSONString(JSONArray.java:98)
at org.json.simple.JSONValue.toJSONString(JSONValue.java:199)
at org.json.simple.JSONObject.toJSONString(JSONObject.java:119)
at org.json.simple.JSONObject.toJSONString(JSONObject.java:101)
at org.json.simple.JSONObject.toJSONString(JSONObject.java:108)
at org.json.simple.JSONValue.toJSONString(JSONValue.java:199)
at org.json.simple.JSONArray.toJSONString(JSONArray.java:91)
at org.json.simple.JSONArray.toJSONString(JSONArray.java:98)
at org.json.simple.JSONValue.toJSONString(JSONValue.java:199)
at org.json.simple.JSONObject.toJSONString(JSONObject.java:119)
at org.json.simple.JSONObject.toJSONString(JSONObject.java:101)
at org.json.simple.JSONObject.toJSONString(JSONObject.java:108)
at org.json.simple.JSONValue.toJSONString(JSONValue.java:199)
at org.json.simple.JSONArray.toJSONString(JSONArray.java:91)
at org.json.simple.JSONArray.toJSONString(JSONArray.java:98)
at org.json.simple.JSONValue.toJSONString(JSONValue.java:199)
at org.json.simple.JSONObject.toJSONString(JSONObject.java:119)
at org.json.simple.JSONObject.toJSONString(JSONObject.java:101)
at org.json.simple.JSONObject.toJSONString(JSONObject.java:108)
at org.json.simple.JSONValue.toJSONString(JSONValue.java:199)
at org.json.simple.JSONArray.toJSONString(JSONArray.java:91)
at org.json.simple.JSONArray.toJSONString(JSONArray.java:98)
at org.json.simple.JSONValue.toJSONString(JSONValue.java:199)
at org.json.simple.JSONObject.toJSONString(JSONObject.java:119)
at org.json.simple.JSONObject.toJSONString(JSONObject.java:101)
at org.json.simple.JSONObject.toJSONString(JSONObject.java:108)
at org.json.simple.JSONValue.toJSONString(JSONValue.java:199)
at org.json.simple.JSONArray.toJSONString(JSONArray.java:91)
at org.json.simple.JSONArray.toJSONString(JSONArray.java:98)
at org.json.simple.JSONValue.toJSONString(JSONValue.java:199)
at org.json.simple.JSONObject.toJSONString(JSONObject.java:119)
at org.json.simple.JSONObject.toJSONString(JSONObject.java:101)
at org.json.simple.JSONObject.toJSONString(JSONObject.java:108)
at org.json.simple.JSONValue.toJSONString(JSONValue.java:199)
at org.json.simple.JSONArray.toJSONString(JSONArray.java:91)
at org.json.simple.JSONArray.toJSONString(JSONArray.java:98)
at org.json.simple.JSONValue.toJSONString(JSONValue.java:199)
at org.json.simple.JSONObject.toJSONString(JSONObject.java:119)
at org.json.simple.JSONObject.toJSONString(JSONObject.java:101)
at org.json.simple.JSONObject.toJSONString(JSONObject.java:108)
at org.json.simple.JSONValue.toJSONString(JSONValue.java:199)
at org.json.simple.JSONArray.toJSONString(JSONArray.java:91)
at org.json.simple.JSONArray.toJSONString(JSONArray.java:98)
at org.json.simple.JSONValue.toJSONString(JSONValue.java:199)
at org.json.simple.JSONObject.toJSONString(JSONObject.java:119)
at org.json.simple.JSONObject.toJSONString(JSONObject.java:101)
at org.json.simple.JSONObject.toJSONString(JSONObject.java:108)
at org.json.simple.JSONValue.toJSONString(JSONValue.java:199)
at org.json.simple.JSONArray.toJSONString(JSONArray.java:91)
at org.json.simple.JSONArray.toJSONString(JSONArray.java:98)
at org.json.simple.JSONValue.toJSONString(JSONValue.java:199)
at org.json.simple.JSONObject.toJSONString(JSONObject.java:119)
at org.json.simple.JSONObject.toJSONString(JSONObject.java:101)
at org.json.simple.JSONObject.toJSONString(JSONObject.java:108)
at org.json.simple.JSONValue.toJSONString(JSONValue.java:199)
at org.json.simple.JSONArray.toJSONString(JSONArray.java:91)
at org.json.simple.JSONArray.toJSONString(JSONArray.java:98)
at org.json.simple.JSONValue.toJSONString(JSONValue.java:199)
at org.json.simple.JSONObject.toJSONString(JSONObject.java:119)
at org.json.simple.JSONObject.toJSONString(JSONObject.java:101)
at org.json.simple.JSONObject.toJSONString(JSONObject.java:108)
at org.json.simple.JSONValue.toJSONString(JSONValue.java:199)
at org.json.simple.JSONArray.toJSONString(JSONArray.java:91)
at org.json.simple.JSONArray.toJSONString(JSONArray.java:98)
at org.json.simple.JSONValue.toJSONString(JSONValue.java:199)
at org.json.simple.JSONObject.toJSONString(JSONObject.java:119)
at org.json.simple.JSONObject.toJSONString(JSONObject.java:101)
at org.json.simple.JSONObject.toJSONString(JSONObject.java:108)
at org.json.simple.JSONValue.toJSONString(JSONValue.java:199)
at org.json.simple.JSONArray.toJSONString(JSONArray.java:91)
at org.json.simple.JSONArray.toJSONString(JSONArray.java:98)
at org.json.simple.JSONValue.toJSONString(JSONValue.java:199)
at org.json.simple.JSONObject.toJSONString(JSONObject.java:119)
at org.json.simple.JSONObject.toJSONString(JSONObject.java:101)
at org.json.simple.JSONObject.toJSONString(JSONObject.java:108)
at org.json.simple.JSONValue.toJSONString(JSONValue.java:199)
at org.json.simple.JSONArray.toJSONString(JSONArray.java:91)
at org.json.simple.JSONArray.toJSONString(JSONArray.java:98)
at org.json.simple.JSONValue.toJSONString(JSONValue.java:199)
at org.json.simple.JSONObject.toJSONString(JSONObject.java:119)
at org.json.simple.JSONObject.toJSONString(JSONObject.java:101)
at org.json.simple.JSONObject.toJSONString(JSONObject.java:108)
at org.json.simple.JSONValue.toJSONString(JSONValue.java:199)
at org.json.simple.JSONArray.toJSONString(JSONArray.java:91)
at org.json.simple.JSONArray.toJSONString(JSONArray.java:98)
at org.json.simple.JSONValue.toJSONString(JSONValue.java:199)
at org.json.simple.JSONObject.toJSONString(JSONObject.java:119)
at org.json.simple.JSONObject.toJSONString(JSONObject.java:101)
at org.json.simple.JSONObject.toJSONString(JSONObject.java:108)
at org.json.simple.JSONValue.toJSONString(JSONValue.java:199)
at org.json.simple.JSONArray.toJSONString(JSONArray.java:91)
at org.json.simple.JSONArray.toJSONString(JSONArray.java:98)
at org.json.simple.JSONValue.toJSONString(JSONValue.java:199)
at org.json.simple.JSONObject.toJSONString(JSONObject.java:119)
at org.json.simple.JSONObject.toJSONString(JSONObject.java:101)
at org.json.simple.JSONObject.toJSONString(JSONObject.java:108)
at org.json.simple.JSONValue.toJSONString(JSONValue.java:199)
at org.json.simple.JSONArray.toJSONString(JSONArray.java:91)
at org.json.simple.JSONArray.toJSONString(JSONArray.java:98)
at org.json.simple.JSONValue.toJSONString(JSONValue.java:199)
at org.json.simple.JSONObject.toJSONString(JSONObject.java:119)
at org.json.simple.JSONObject.toJSONString(JSONObject.java:101)
at org.json.simple.JSONObject.toJSONString(JSONObject.java:108)
at org.json.simple.JSONValue.toJSONString(JSONValue.java:199)
at org.json.simple.JSONArray.toJSONString(JSONArray.java:91)
at org.json.simple.JSONArray.toJSONString(JSONArray.java:98)
at org.json.simple.JSONValue.toJSONString(JSONValue.java:199)
at org.json.simple.JSONObject.toJSONString(JSONObject.java:119)
at org.json.simple.JSONObject.toJSONString(JSONObject.java:101)
at org.json.simple.JSONObject.toJSONString(JSONObject.java:108)
at org.json.simple.JSONValue.toJSONString(JSONValue.java:199)
at org.json.simple.JSONArray.toJSONString(JSONArray.java:91)
at org.json.simple.JSONArray.toJSONString(JSONArray.java:98)
at org.json.simple.JSONValue.toJSONString(JSONValue.java:199)
at org.json.simple.JSONObject.toJSONString(JSONObject.java:119)
at org.json.simple.JSONObject.toJSONString(JSONObject.java:101)
at org.json.simple.JSONObject.toJSONString(JSONObject.java:108)
at org.json.simple.JSONValue.toJSONString(JSONValue.java:199)
at org.json.simple.JSONArray.toJSONString(JSONArray.java:91)
at org.json.simple.JSONArray.toJSONString(JSONArray.java:98)
at org.json.simple.JSONValue.toJSONString(JSONValue.java:199)
at org.json.simple.JSONObject.toJSONString(JSONObject.java:119)
at org.json.simple.JSONObject.toJSONString(JSONObject.java:101)
at org.json.simple.JSONObject.toJSONString(JSONObject.java:108)
at org.json.simple.JSONValue.toJSONString(JSONValue.java:199)
at org.json.simple.JSONArray.toJSONString(JSONArray.java:91)
at org.json.simple.JSONArray.toJSONString(JSONArray.java:98)
at org.json.simple.JSONValue.toJSONString(JSONValue.java:199)
at org.json.simple.JSONObject.toJSONString(JSONObject.java:119)
at org.json.simple.JSONObject.toJSONString(JSONObject.java:101)
at org.json.simple.JSONObject.toJSONString(JSONObject.java:108)
at org.json.simple.JSONValue.toJSONString(JSONValue.java:199)
at org.json.simple.JSONArray.toJSONString(JSONArray.java:91)
at org.json.simple.JSONArray.toJSONString(JSONArray.java:98)
at org.json.simple.JSONValue.toJSONString(JSONValue.java:199)
at org.json.simple.JSONObject.toJSONString(JSONObject.java:119)
at org.json.simple.JSONObject.toJSONString(JSONObject.java:101)
at org.json.simple.JSONObject.toJSONString(JSONObject.java:108)
at org.json.simple.JSONValue.toJSONString(JSONValue.java:199)
at org.json.simple.JSONArray.toJSONString(JSONArray.java:91)
at org.json.simple.JSONArray.toJSONString(JSONArray.java:98)
at org.json.simple.JSONValue.toJSONString(JSONValue.java:199)
at org.json.simple.JSONObject.toJSONString(JSONObject.java:119)
at org.json.simple.JSONObject.toJSONString(JSONObject.java:101)
at org.json.simple.JSONObject.toJSONString(JSONObject.java:108)
at org.json.simple.JSONValue.toJSONString(JSONValue.java:199)
at org.json.simple.JSONArray.toJSONString(JSONArray.java:91)
at org.json.simple.JSONArray.toJSONString(JSONArray.java:98)
at org.json.simple.JSONValue.toJSONString(JSONValue.java:199)
at org.json.simple.JSONObject.toJSONString(JSONObject.java:119)
at org.json.simple.JSONObject.toJSONString(JSONObject.java:101)
at org.json.simple.JSONObject.toJSONString(JSONObject.java:108)
at org.json.simple.JSONValue.toJSONString(JSONValue.java:199)
at org.json.simple.JSONArray.toJSONString(JSONArray.java:91)
at org.json.simple.JSONArray.toJSONString(JSONArray.java:98)
at org.json.simple.JSONValue.toJSONString(JSONValue.java:199)
at org.json.simple.JSONObject.toJSONString(JSONObject.java:119)
at org.json.simple.JSONObject.toJSONString(JSONObject.java:101)
at org.json.simple.JSONObject.toJSONString(JSONObject.java:108)
at org.json.simple.JSONValue.toJSONString(JSONValue.java:199)
at org.json.simple.JSONArray.toJSONString(JSONArray.java:91)
at org.json.simple.JSONArray.toJSONString(JSONArray.java:98)
at org.json.simple.JSONValue.toJSONString(JSONValue.java:199)
at org.json.simple.JSONObject.toJSONString(JSONObject.java:119)
at org.json.simple.JSONObject.toJSONString(JSONObject.java:101)
at org.json.simple.JSONObject.toJSONString(JSONObject.java:108)
at org.json.simple.JSONValue.toJSONString(JSONValue.java:199)
at org.json.simple.JSONArray.toJSONString(JSONArray.java:91)
at org.json.simple.JSONArray.toJSONString(JSONArray.java:98)
at org.json.simple.JSONValue.toJSONString(JSONValue.java:199)
at org.json.simple.JSONObject.toJSONString(JSONObject.java:119)
at org.json.simple.JSONObject.toJSONString(JSONObject.java:101)
at org.json.simple.JSONObject.toJSONString(JSONObject.java:108)
at org.json.simple.JSONValue.toJSONString(JSONValue.java:199)
at org.json.simple.JSONArray.toJSONString(JSONArray.java:91)
at org.json.simple.JSONArray.toJSONString(JSONArray.java:98)
at org.json.simple.JSONValue.toJSONString(JSONValue.java:199)
at org.json.simple.JSONObject.toJSONString(JSONObject.java:119)
at org.json.simple.JSONObject.toJSONString(JSONObject.java:101)
at org.json.simple.JSONObject.toJSONString(JSONObject.java:108)
at org.json.simple.JSONValue.toJSONString(JSONValue.java:199)
at org.json.simple.JSONArray.toJSONString(JSONArray.java:91)
at org.json.simple.JSONArray.toJSONString(JSONArray.java:98)
at org.json.simple.JSONValue.toJSONString(JSONValue.java:199)
at org.json.simple.JSONObject.toJSONString(JSONObject.java:119)
at org.json.simple.JSONObject.toJSONString(JSONObject.java:101)
at org.json.simple.JSONObject.toJSONString(JSONObject.java:108)
at org.json.simple.JSONValue.toJSONString(JSONValue.java:199)
at org.json.simple.JSONArray.toJSONString(JSONArray.java:91)
at org.json.simple.JSONArray.toJSONString(JSONArray.java:98)
at org.json.simple.JSONValue.toJSONString(JSONValue.java:199)
at org.json.simple.JSONObject.toJSONString(JSONObject.java:119)
at org.json.simple.JSONObject.toJSONString(JSONObject.java:101)
at org.json.simple.JSONObject.toJSONString(JSONObject.java:108)
at org.json.simple.JSONValue.toJSONString(JSONValue.java:199)
at org.json.simple.JSONArray.toJSONString(JSONArray.java:91)
at org.json.simple.JSONArray.toJSONString(JSONArray.java:98)
at org.json.simple.JSONValue.toJSONString(JSONValue.java:199)
at org.json.simple.JSONObject.toJSONString(JSONObject.java:119)
at org.json.simple.JSONObject.toJSONString(JSONObject.java:101)
at org.json.simple.JSONObject.toJSONString(JSONObject.java:108)
at org.json.simple.JSONValue.toJSONString(JSONValue.java:199)
at org.json.simple.JSONArray.toJSONString(JSONArray.java:91)
at org.json.simple.JSONArray.toJSONString(JSONArray.java:98)
at org.json.simple.JSONValue.toJSONString(JSONValue.java:199)
at org.json.simple.JSONObject.toJSONString(JSONObject.java:119)
at org.json.simple.JSONObject.toJSONString(JSONObject.java:101)
at org.json.simple.JSONObject.toJSONString(JSONObject.java:108)
at org.json.simple.JSONValue.toJSONString(JSONValue.java:199)
at org.json.simple.JSONArray.toJSONString(JSONArray.java:91)
at org.json.simple.JSONArray.toJSONString(JSONArray.java:98)
at org.json.simple.JSONValue.toJSONString(JSONValue.java:199)
at org.json.simple.JSONObject.toJSONString(JSONObject.java:119)
at org.json.simple.JSONObject.toJSONString(JSONObject.java:101)
at org.json.simple.JSONObject.toJSONString(JSONObject.java:108)
at org.json.simple.JSONValue.toJSONString(JSONValue.java:199)
at org.json.simple.JSONArray.toJSONString(JSONArray.java:91)
at org.json.simple.JSONArray.toJSONString(JSONArray.java:98)
at org.json.simple.JSONValue.toJSONString(JSONValue.java:199)
at org.json.simple.JSONObject.toJSONString(JSONObject.java:119)
at org.json.simple.JSONObject.toJSONString(JSONObject.java:101)
at org.json.simple.JSONObject.toJSONString(JSONObject.java:108)
at org.json.simple.JSONValue.toJSONString(JSONValue.java:199)
at org.json.simple.JSONArray.toJSONString(JSONArray.java:91)
at org.json.simple.JSONArray.toJSONString(JSONArray.java:98)
at org.json.simple.JSONValue.toJSONString(JSONValue.java:199)
at org.json.simple.JSONObject.toJSONString(JSONObject.java:119)
at org.json.simple.JSONObject.toJSONString(JSONObject.java:101)
at org.json.simple.JSONObject.toJSONString(JSONObject.java:108)
at org.json.simple.JSONValue.toJSONString(JSONValue.java:199)
at org.json.simple.JSONArray.toJSONString(JSONArray.java:91)
at org.json.simple.JSONArray.toJSONString(JSONArray.java:98)
at org.json.simple.JSONValue.toJSONString(JSONValue.java:199)
at org.json.simple.JSONObject.toJSONString(JSONObject.java:119)
at org.json.simple.JSONObject.toJSONString(JSONObject.java:101)
at org.json.simple.JSONObject.toJSONString(JSONObject.java:108)
at org.json.simple.JSONValue.toJSONString(JSONValue.java:199)
at org.json.simple.JSONArray.toJSONString(JSONArray.java:91)
at org.json.simple.JSONArray.toJSONString(JSONArray.java:98)
at org.json.simple.JSONValue.toJSONString(JSONValue.java:199)
at org.json.simple.JSONObject.toJSONString(JSONObject.java:119)
at org.json.simple.JSONObject.toJSONString(JSONObject.java:101)
at org.json.simple.JSONObject.toJSONString(JSONObject.java:108)
at org.json.simple.JSONValue.toJSONString(JSONValue.java:199)
at org.json.simple.JSONArray.toJSONString(JSONArray.java:91)
at org.json.simple.JSONArray.toJSONString(JSONArray.java:98)
at org.json.simple.JSONValue.toJSONString(JSONValue.java:199)
at org.json.simple.JSONObject.toJSONString(JSONObject.java:119)
at org.json.simple.JSONObject.toJSONString(JSONObject.java:101)
at org.json.simple.JSONObject.toJSONString(JSONObject.java:108)
at org.json.simple.JSONValue.toJSONString(JSONValue.java:199)
at org.json.simple.JSONArray.toJSONString(JSONArray.java:91)
at org.json.simple.JSONArray.toJSONString(JSONArray.java:98)
at org.json.simple.JSONValue.toJSONString(JSONValue.java:199)
at org.json.simple.JSONObject.toJSONString(JSONObject.java:119)
at org.json.simple.JSONObject.toJSONString(JSONObject.java:101)
at org.json.simple.JSONObject.toJSONString(JSONObject.java:108)
at org.json.simple.JSONValue.toJSONString(JSONValue.java:199)
at org.json.simple.JSONArray.toJSONString(JSONArray.java:91)
at org.json.simple.JSONArray.toJSONString(JSONArray.java:98)
at org.json.simple.JSONValue.toJSONString(JSONValue.java:199)
at org.json.simple.JSONObject.toJSONString(JSONObject.java:119)
at org.json.simple.JSONObject.toJSONString(JSONObject.java:101)
at org.json.simple.JSONObject.toJSONString(JSONObject.java:108)
at org.json.simple.JSONValue.toJSONString(JSONValue.java:199)
at org.json.simple.JSONArray.toJSONString(JSONArray.java:91)
at org.json.simple.JSONArray.toJSONString(JSONArray.java:98)
at org.json.simple.JSONValue.toJSONString(JSONValue.java:199)
at org.json.simple.JSONObject.toJSONString(JSONObject.java:119)
at org.json.simple.JSONObject.toJSONString(JSONObject.java:101)
at org.json.simple.JSONObject.toJSONString(JSONObject.java:108)
at org.json.simple.JSONValue.toJSONString(JSONValue.java:199)
at org.json.simple.JSONArray.toJSONString(JSONArray.java:91)
at org.json.simple.JSONArray.toJSONString(JSONArray.java:98)
at org.json.simple.JSONValue.toJSONString(JSONValue.java:199)
at org.json.simple.JSONObject.toJSONString(JSONObject.java:119)
at org.json.simple.JSONObject.toJSONString(JSONObject.java:101)
at org.json.simple.JSONObject.toJSONString(JSONObject.java:108)
at org.json.simple.JSONValue.toJSONString(JSONValue.java:199)
at org.json.simple.JSONArray.toJSONString(JSONArray.java:91)
at org.json.simple.JSONArray.toJSONString(JSONArray.java:98)
at org.json.simple.JSONValue.toJSONString(JSONValue.java:199)
at org.json.simple.JSONObject.toJSONString(JSONObject.java:119)
at org.json.simple.JSONObject.toJSONString(JSONObject.java:101)
at org.json.simple.JSONObject.toJSONString(JSONObject.java:108)
at org.json.simple.JSONValue.toJSONString(JSONValue.java:199)
at org.json.simple.JSONArray.toJSONString(JSONArray.java:91)
at org.json.simple.JSONArray.toJSONString(JSONArray.java:98)
at org.json.simple.JSONValue.toJSONString(JSONValue.java:199)
at org.json.simple.JSONObject.toJSONString(JSONObject.java:119)
at org.json.simple.JSONObject.toJSONString(JSONObject.java:101)
at org.json.simple.JSONObject.toJSONString(JSONObject.java:108)
at org.json.simple.JSONValue.toJSONString(JSONValue.java:199)
at org.json.simple.JSONArray.toJSONString(JSONArray.java:91)
at org.json.simple.JSONArray.toJSONString(JSONArray.java:98)
at org.json.simple.JSONValue.toJSONString(JSONValue.java:199)
at org.json.simple.JSONObject.toJSONString(JSONObject.java:119)
at org.json.simple.JSONObject.toJSONString(JSONObject.java:101)
at org.json.simple.JSONObject.toJSONString(JSONObject.java:108)
at org.json.simple.JSONValue.toJSONString(JSONValue.java:199)
at org.json.simple.JSONArray.toJSONString(JSONArray.java:91)
at org.json.simple.JSONArray.toJSONString(JSONArray.java:98)
at org.json.simple.JSONValue.toJSONString(JSONValue.java:199)
at org.json.simple.JSONObject.toJSONString(JSONObject.java:119)
at org.json.simple.JSONObject.toJSONString(JSONObject.java:101)
at org.json.simple.JSONObject.toJSONString(JSONObject.java:108)
at org.json.simple.JSONValue.toJSONString(JSONValue.java:199)
at org.json.simple.JSONArray.toJSONString(JSONArray.java:91)
at org.json.simple.JSONArray.toJSONString(JSONArray.java:98)
at org.json.simple.JSONValue.toJSONString(JSONValue.java:199)
at org.json.simple.JSONObject.toJSONString(JSONObject.java:119)
at org.json.simple.JSONObject.toJSONString(JSONObject.java:101)
at org.json.simple.JSONObject.toJSONString(JSONObject.java:108)
at org.json.simple.JSONValue.toJSONString(JSONValue.java:199)
at org.json.simple.JSONArray.toJSONString(JSONArray.java:91)
at org.json.simple.JSONArray.toJSONString(JSONArray.java:98)
at org.json.simple.JSONValue.toJSONString(JSONValue.java:199)
at org.json.simple.JSONObject.toJSONString(JSONObject.java:119)
at org.json.simple.JSONObject.toJSONString(JSONObject.java:101)
at org.json.simple.JSONObject.toJSONString(JSONObject.java:108)
at org.json.simple.JSONValue.toJSONString(JSONValue.java:199)
at org.json.simple.JSONArray.toJSONString(JSONArray.java:91)
at org.json.simple.JSONArray.toJSONString(JSONArray.java:98)
at org.json.simple.JSONValue.toJSONString(JSONValue.java:199)
at org.json.simple.JSONObject.toJSONString(JSONObject.java:119)
at org.json.simple.JSONObject.toJSONString(JSONObject.java:101)
at org.json.simple.JSONObject.toJSONString(JSONObject.java:108)
at org.json.simple.JSONValue.toJSONString(JSONValue.java:199)
at org.json.simple.JSONArray.toJSONString(JSONArray.java:91)
at org.json.simple.JSONArray.toJSONString(JSONArray.java:98)
at org.json.simple.JSONValue.toJSONString(JSONValue.java:199)
at org.json.simple.JSONObject.toJSONString(JSONObject.java:119)
at org.json.simple.JSONObject.toJSONString(JSONObject.java:101)
at org.json.simple.JSONObject.toJSONString(JSONObject.java:108)
at org.json.simple.JSONValue.toJSONString(JSONValue.java:199)
at org.json.simple.JSONArray.toJSONString(JSONArray.java:91)
at org.json.simple.JSONArray.toJSONString(JSONArray.java:98)
at org.json.simple.JSONValue.toJSONString(JSONValue.java:199)
at org.json.simple.JSONObject.toJSONString(JSONObject.java:119)
at org.json.simple.JSONObject.toJSONString(JSONObject.java:101)
at org.json.simple.JSONObject.toJSONString(JSONObject.java:108)
at org.json.simple.JSONValue.toJSONString(JSONValue.java:199)
at org.json.simple.JSONArray.toJSONString(JSONArray.java:91)
at org.json.simple.JSONArray.toJSONString(JSONArray.java:98)
at org.json.simple.JSONValue.toJSONString(JSONValue.java:199)
at org.json.simple.JSONObject.toJSONString(JSONObject.java:119)
at org.json.simple.JSONObject.toJSONString(JSONObject.java:101)
at org.json.simple.JSONObject.toJSONString(JSONObject.java:108)
at org.json.simple.JSONValue.toJSONString(JSONValue.java:199)
at org.json.simple.JSONArray.toJSONString(JSONArray.java:91)
at org.json.simple.JSONArray.toJSONString(JSONArray.java:98)
at org.json.simple.JSONValue.toJSONString(JSONValue.java:199)
at org.json.simple.JSONObject.toJSONString(JSONObject.java:119)
at org.json.simple.JSONObject.toJSONString(JSONObject.java:101)
at org.json.simple.JSONObject.toJSONString(JSONObject.java:108)
at org.json.simple.JSONValue.toJSONString(JSONValue.java:199)
at org.json.simple.JSONArray.toJSONString(JSONArray.java:91)
at org.json.simple.JSONArray.toJSONString(JSONArray.java:98)
at org.json.simple.JSONValue.toJSONString(JSONValue.java:199)
at org.json.simple.JSONObject.toJSONString(JSONObject.java:119)
at org.json.simple.JSONObject.toJSONString(JSONObject.java:101)
at org.json.simple.JSONObject.toJSONString(JSONObject.java:108)
at org.json.simple.JSONValue.toJSONString(JSONValue.java:199)
at org.json.simple.JSONArray.toJSONString(JSONArray.java:91)
at org.json.simple.JSONArray.toJSONString(JSONArray.java:98)
at org.json.simple.JSONValue.toJSONString(JSONValue.java:199)
at org.json.simple.JSONObject.toJSONString(JSONObject.java:119)
at org.json.simple.JSONObject.toJSONString(JSONObject.java:101)
at org.json.simple.JSONObject.toJSONString(JSONObject.java:108)
at org.json.simple.JSONValue.toJSONString(JSONValue.java:199)
at org.json.simple.JSONArray.toJSONString(JSONArray.java:91)
at org.json.simple.JSONArray.toJSONString(JSONArray.java:98)
at org.json.simple.JSONValue.toJSONString(JSONValue.java:199)
at org.json.simple.JSONObject.toJSONString(JSONObject.java:119)
at org.json.simple.JSONObject.toJSONString(JSONObject.java:101)
at org.json.simple.JSONObject.toJSONString(JSONObject.java:108)
at org.json.simple.JSONValue.toJSONString(JSONValue.java:199)
at org.json.simple.JSONArray.toJSONString(JSONArray.java:91)
at org.json.simple.JSONArray.toJSONString(JSONArray.java:98)
at org.json.simple.JSONValue.toJSONString(JSONValue.java:199)
at org.json.simple.JSONObject.toJSONString(JSONObject.java:119)
at org.json.simple.JSONObject.toJSONString(JSONObject.java:101)
at org.json.simple.JSONObject.toJSONString(JSONObject.java:108)
at org.json.simple.JSONValue.toJSONString(JSONValue.java:199)
at org.json.simple.JSONArray.toJSONString(JSONArray.java:91)
at org.json.simple.JSONArray.toJSONString(JSONArray.java:98)
at org.json.simple.JSONValue.toJSONString(JSONValue.java:199)
at org.json.simple.JSONObject.toJSONString(JSONObject.java:119)
at org.json.simple.JSONObject.toJSONString(JSONObject.java:101)
at org.json.simple.JSONObject.toJSONString(JSONObject.java:108)
at org.json.simple.JSONValue.toJSONString(JSONValue.java:199)
at org.json.simple.JSONArray.toJSONString(JSONArray.java:91)
at org.json.simple.JSONArray.toJSONString(JSONArray.java:98)
at org.json.simple.JSONValue.toJSONString(JSONValue.java:199)
at org.json.simple.JSONObject.toJSONString(JSONObject.java:119)
at org.json.simple.JSONObject.toJSONString(JSONObject.java:101)
at org.json.simple.JSONObject.toJSONString(JSONObject.java:108)
at org.json.simple.JSONValue.toJSONString(JSONValue.java:199)
at org.json.simple.JSONArray.toJSONString(JSONArray.java:91)
at org.json.simple.JSONArray.toJSONString(JSONArray.java:98)
at org.json.simple.JSONValue.toJSONString(JSONValue.java:199)
at org.json.simple.JSONObject.toJSONString(JSONObject.java:119)
at org.json.simple.JSONObject.toJSONString(JSONObject.java:101)
at org.json.simple.JSONObject.toJSONString(JSONObject.java:108)
at org.json.simple.JSONValue.toJSONString(JSONValue.java:199)
at org.json.simple.JSONArray.toJSONString(JSONArray.java:91)
at org.json.simple.JSONArray.toJSONString(JSONArray.java:98)
at org.json.simple.JSONValue.toJSONString(JSONValue.java:199)
at org.json.simple.JSONObject.toJSONString(JSONObject.java:119)
at org.json.simple.JSONObject.toJSONString(JSONObject.java:101)
at org.json.simple.JSONObject.toJSONString(JSONObject.java:108)
at org.json.simple.JSONValue.toJSONString(JSONValue.java:199)
at org.json.simple.JSONArray.toJSONString(JSONArray.java:91)
at org.json.simple.JSONArray.toJSONString(JSONArray.java:98)
at org.json.simple.JSONValue.toJSONString(JSONValue.java:199)
at org.json.simple.JSONObject.toJSONString(JSONObject.java:119)
at org.json.simple.JSONObject.toJSONString(JSONObject.java:101)
at org.json.simple.JSONObject.toJSONString(JSONObject.java:108)
at org.json.simple.JSONValue.toJSONString(JSONValue.java:199)
at org.json.simple.JSONArray.toJSONString(JSONArray.java:91)
at org.json.simple.JSONArray.toJSONString(JSONArray.java:98)
at org.json.simple.JSONValue.toJSONString(JSONValue.java:199)
at org.json.simple.JSONObject.toJSONString(JSONObject.java:119)
at org.json.simple.JSONObject.toJSONString(JSONObject.java:101)
at org.json.simple.JSONObject.toJSONString(JSONObject.java:108)
at org.json.simple.JSONValue.toJSONString(JSONValue.java:199)
at org.json.simple.JSONArray.toJSONString(JSONArray.java:91)
at org.json.simple.JSONArray.toJSONString(JSONArray.java:98)
at org.json.simple.JSONValue.toJSONString(JSONValue.java:199)
at org.json.simple.JSONObject.toJSONString(JSONObject.java:119)
at org.json.simple.JSONObject.toJSONString(JSONObject.java:101)
at org.json.simple.JSONObject.toJSONString(JSONObject.java:108)
at org.json.simple.JSONValue.toJSONString(JSONValue.java:199)
at org.json.simple.JSONArray.toJSONString(JSONArray.java:91)
at org.json.simple.JSONArray.toJSONString(JSONArray.java:98)
at org.json.simple.JSONValue.toJSONString(JSONValue.java:199)
at org.json.simple.JSONObject.toJSONString(JSONObject.java:119)
at org.json.simple.JSONObject.toJSONString(JSONObject.java:101)
at org.json.simple.JSONObject.toJSONString(JSONObject.java:108)
at org.json.simple.JSONValue.toJSONString(JSONValue.java:199)
at org.json.simple.JSONArray.toJSONString(JSONArray.java:91)
at org.json.simple.JSONArray.toJSONString(JSONArray.java:98)
at org.json.simple.JSONValue.toJSONString(JSONValue.java:199)
at org.json.simple.JSONObject.toJSONString(JSONObject.java:119)
at org.json.simple.JSONObject.toJSONString(JSONObject.java:101)
at org.json.simple.JSONObject.toJSONString(JSONObject.java:108)
at org.json.simple.JSONValue.toJSONString(JSONValue.java:199)
at org.json.simple.JSONArray.toJSONString(JSONArray.java:91)
at org.json.simple.JSONArray.toJSONString(JSONArray.java:98)
at org.json.simple.JSONValue.toJSONString(JSONValue.java:199)
at org.json.simple.JSONObject.toJSONString(JSONObject.java:119)
at org.json.simple.JSONObject.toJSONString(JSONObject.java:101)
at org.json.simple.JSONObject.toJSONString(JSONObject.java:108)
at org.json.simple.JSONValue.toJSONString(JSONValue.java:199)
at org.json.simple.JSONArray.toJSONString(JSONArray.java:91)
at org.json.simple.JSONArray.toJSONString(JSONArray.java:98)
at org.json.simple.JSONValue.toJSONString(JSONValue.java:199)
at org.json.simple.JSONObject.toJSONString(JSONObject.java:119)
at org.json.simple.JSONObject.toJSONString(JSONObject.java:101)
at org.json.simple.JSONObject.toJSONString(JSONObject.java:108)
at org.json.simple.JSONValue.toJSONString(JSONValue.java:199)
at org.json.simple.JSONArray.toJSONString(JSONArray.java:91)
at org.json.simple.JSONArray.toJSONString(JSONArray.java:98)
at org.json.simple.JSONValue.toJSONString(JSONValue.java:199)
at org.json.simple.JSONObject.toJSONString(JSONObject.java:119)
at org.json.simple.JSONObject.toJSONString(JSONObject.java:101)
at org.json.simple.JSONObject.toJSONString(JSONObject.java:108)
at org.json.simple.JSONValue.toJSONString(JSONValue.java:199)
at org.json.simple.JSONArray.toJSONString(JSONArray.java:91)
at org.json.simple.JSONArray.toJSONString(JSONArray.java:98)
at org.json.simple.JSONValue.toJSONString(JSONValue.java:199)
at org.json.simple.JSONObject.toJSONString(JSONObject.java:119)
at org.json.simple.JSONObject.toJSONString(JSONObject.java:101)
at org.json.simple.JSONObject.toJSONString(JSONObject.java:108)
at org.json.simple.JSONValue.toJSONString(JSONValue.java:199)
at org.json.simple.JSONArray.toJSONString(JSONArray.java:91)
at org.json.simple.JSONArray.toJSONString(JSONArray.java:98)
at org.json.simple.JSONValue.toJSONString(JSONValue.java:199)
at org.json.simple.JSONObject.toJSONString(JSONObject.java:119)
at org.json.simple.JSONObject.toJSONString(JSONObject.java:101)
at org.json.simple.JSONObject.toJSONString(JSONObject.java:108)
at org.json.simple.JSONValue.toJSONString(JSONValue.java:199)
at org.json.simple.JSONArray.toJSONString(JSONArray.java:91)
at org.json.simple.JSONArray.toJSONString(JSONArray.java:98)
at org.json.simple.JSONValue.toJSONString(JSONValue.java:199)
at org.json.simple.JSONObject.toJSONString(JSONObject.java:119)
at org.json.simple.JSONObject.toJSONString(JSONObject.java:101)
at org.json.simple.JSONObject.toJSONString(JSONObject.java:108)
at org.json.simple.JSONValue.toJSONString(JSONValue.java:199)
at org.json.simple.JSONArray.toJSONString(JSONArray.java:91)
at org.json.simple.JSONArray.toJSONString(JSONArray.java:98)
at org.json.simple.JSONValue.toJSONString(JSONValue.java:199)
at org.json.simple.JSONObject.toJSONString(JSONObject.java:119)
at org.json.simple.JSONObject.toJSONString(JSONObject.java:101)
at org.json.simple.JSONObject.toJSONString(JSONObject.java:108)
at org.json.simple.JSONValue.toJSONString(JSONValue.java:199)
at org.json.simple.JSONArray.toJSONString(JSONArray.java:91)
at org.json.simple.JSONArray.toJSONString(JSONArray.java:98)
at org.json.simple.JSONValue.toJSONString(JSONValue.java:199)
at org.json.simple.JSONObject.toJSONString(JSONObject.java:119)
at org.json.simple.JSONObject.toJSONString(JSONObject.java:101)
at org.json.simple.JSONObject.toJSONString(JSONObject.java:108)
at org.json.simple.JSONValue.toJSONString(JSONValue.java:199)
at org.json.simple.JSONArray.toJSONString(JSONArray.java:91)
at org.json.simple.JSONArray.toJSONString(JSONArray.java:98)
at org.json.simple.JSONValue.toJSONString(JSONValue.java:199)
at org.json.simple.JSONObject.toJSONString(JSONObject.java:119)
at org.json.simple.JSONObject.toJSONString(JSONObject.java:101)
at org.json.simple.JSONObject.toJSONString(JSONObject.java:108)
at org.json.simple.JSONValue.toJSONString(JSONValue.java:199)
at org.json.simple.JSONArray.toJSONString(JSONArray.java:91)
at org.json.simple.JSONArray.toJSONString(JSONArray.java:98)
at org.json.simple.JSONValue.toJSONString(JSONValue.java:199)
at org.json.simple.JSONObject.toJSONString(JSONObject.java:119)
at org.json.simple.JSONObject.toJSONString(JSONObject.java:101)
at org.json.simple.JSONObject.toJSONString(JSONObject.java:108)
at org.json.simple.JSONValue.toJSONString(JSONValue.java:199)
at org.json.simple.JSONArray.toJSONString(JSONArray.java:91)
at org.json.simple.JSONArray.toJSONString(JSONArray.java:98)
at org.json.simple.JSONValue.toJSONString(JSONValue.java:199)
at org.json.simple.JSONObject.toJSONString(JSONObject.java:119)
at org.json.simple.JSONObject.toJSONString(JSONObject.java:101)
at org.json.simple.JSONObject.toJSONString(JSONObject.java:108)
at org.json.simple.JSONValue.toJSONString(JSONValue.java:199)
at org.json.simple.JSONArray.toJSONString(JSONArray.java:91)
at org.json.simple.JSONArray.toJSONString(JSONArray.java:98)
at org.json.simple.JSONValue.toJSONString(JSONValue.java:199)
at org.json.simple.JSONObject.toJSONString(JSONObject.java:119)
at org.json.simple.JSONObject.toJSONString(JSONObject.java:101)
at org.json.simple.JSONObject.toJSONString(JSONObject.java:108)
at org.json.simple.JSONValue.toJSONString(JSONValue.java:199)
at org.json.simple.JSONArray.toJSONString(JSONArray.java:91)
at org.json.simple.JSONArray.toJSONString(JSONArray.java:98)
at org.json.simple.JSONValue.toJSONString(JSONValue.java:199)
at org.json.simple.JSONObject.toJSONString(JSONObject.java:119)
at org.json.simple.JSONObject.toJSONString(JSONObject.java:101)
at org.json.simple.JSONObject.toJSONString(JSONObject.java:108)
at org.json.simple.JSONValue.toJSONString(JSONValue.java:199)
at org.json.simple.JSONArray.toJSONString(JSONArray.java:91)
at org.json.simple.JSONArray.toJSONString(JSONArray.java:98)
at org.json.simple.JSONValue.toJSONString(JSONValue.java:199)
at org.json.simple.JSONObject.toJSONString(JSONObject.java:119)
at org.json.simple.JSONObject.toJSONString(JSONObject.java:101)
at org.json.simple.JSONObject.toJSONString(JSONObject.java:108)
at org.json.simple.JSONValue.toJSONString(JSONValue.java:199)
at org.json.simple.JSONArray.toJSONString(JSONArray.java:91)
at org.json.simple.JSONArray.toJSONString(JSONArray.java:98)
at org.json.simple.JSONValue.toJSONString(JSONValue.java:199)
at org.json.simple.JSONObject.toJSONString(JSONObject.java:119)
at org.json.simple.JSONObject.toJSONString(JSONObject.java:101)
at org.json.simple.JSONObject.toJSONString(JSONObject.java:108)
at org.json.simple.JSONValue.toJSONString(JSONValue.java:199)
at org.json.simple.JSONArray.toJSONString(JSONArray.java:91)
at org.json.simple.JSONArray.toJSONString(JSONArray.java:98)
at org.json.simple.JSONValue.toJSONString(JSONValue.java:199)
at org.json.simple.JSONObject.toJSONString(JSONObject.java:119)
at org.json.simple.JSONObject.toJSONString(JSONObject.java:101)
at org.json.simple.JSONObject.toJSONString(JSONObject.java:108)
at org.json.simple.JSONValue.toJSONString(JSONValue.java:199)
at org.json.simple.JSONArray.toJSONString(JSONArray.java:91)
at org.json.simple.JSONArray.toJSONString(JSONArray.java:98)
at org.json.simple.JSONValue.toJSONString(JSONValue.java:199)
at org.json.simple.JSONObject.toJSONString(JSONObject.java:119)
at org.json.simple.JSONObject.toJSONString(JSONObject.java:101)
at org.json.simple.JSONObject.toJSONString(JSONObject.java:108)
at org.json.simple.JSONValue.toJSONString(JSONValue.java:199)
at org.json.simple.JSONArray.toJSONString(JSONArray.java:91)
at org.json.simple.JSONArray.toJSONString(JSONArray.java:98)
at org.json.simple.JSONValue.toJSONString(JSONValue.java:199)
at org.json.simple.JSONObject.toJSONString(JSONObject.java:119)
at org.json.simple.JSONObject.toJSONString(JSONObject.java:101)
at org.json.simple.JSONObject.toJSONString(JSONObject.java:108)
at org.json.simple.JSONValue.toJSONString(JSONValue.java:199)
at org.json.simple.JSONArray.toJSONString(JSONArray.java:91)
at org.json.simple.JSONArray.toJSONString(JSONArray.java:98)
at org.json.simple.JSONValue.toJSONString(JSONValue.java:199)
at org.json.simple.JSONObject.toJSONString(JSONObject.java:119)
at org.json.simple.JSONObject.toJSONString(JSONObject.java:101)
at org.json.simple.JSONObject.toJSONString(JSONObject.java:108)
at org.json.simple.JSONValue.toJSONString(JSONValue.java:199)
at org.json.simple.JSONArray.toJSONString(JSONArray.java:91)
at org.json.simple.JSONArray.toJSONString(JSONArray.java:98)
at org.json.simple.JSONValue.toJSONString(JSONValue.java:199)
at org.json.simple.JSONObject.toJSONString(JSONObject.java:119)
at org.json.simple.JSONObject.toJSONString(JSONObject.java:101)
at org.json.simple.JSONObject.toJSONString(JSONObject.java:108)
at org.json.simple.JSONValue.toJSONString(JSONValue.java:199)
at org.json.simple.JSONArray.toJSONString(JSONArray.java:91)
at org.json.simple.JSONArray.toJSONString(JSONArray.java:98)
at org.json.simple.JSONValue.toJSONString(JSONValue.java:199)
at org.json.simple.JSONObject.toJSONString(JSONObject.java:119)
at org.json.simple.JSONObject.toJSONString(JSONObject.java:101)
at org.json.simple.JSONObject.toJSONString(JSONObject.java:108)
at org.json.simple.JSONValue.toJSONString(JSONValue.java:199)
at org.json.simple.JSONArray.toJSONString(JSONArray.java:91)
at org.json.simple.JSONArray.toJSONString(JSONArray.java:98)
at org.json.simple.JSONValue.toJSONString(JSONValue.java:199)
at org.json.simple.JSONObject.toJSONString(JSONObject.java:119)
at org.json.simple.JSONObject.toJSONString(JSONObject.java:101)
at org.json.simple.JSONObject.toJSONString(JSONObject.java:108)
at org.json.simple.JSONValue.toJSONString(JSONValue.java:199)
at org.json.simple.JSONArray.toJSONString(JSONArray.java:91)
at org.json.simple.JSONArray.toJSONString(JSONArray.java:98)
at org.json.simple.JSONValue.toJSONString(JSONValue.java:199)
at org.json.simple.JSONObject.toJSONString(JSONObject.java:119)
at org.json.simple.JSONObject.toJSONString(JSONObject.java:101)
at org.json.simple.JSONObject.toJSONString(JSONObject.java:108)
at org.json.simple.JSONValue.toJSONString(JSONValue.java:199)
at org.json.simple.JSONArray.toJSONString(JSONArray.java:91)
at org.json.simple.JSONArray.toJSONString(JSONArray.java:98)
at org.json.simple.JSONValue.toJSONString(JSONValue.java:199)
at org.json.simple.JSONObject.toJSONString(JSONObject.java:119)
at org.json.simple.JSONObject.toJSONString(JSONObject.java:101)
at org.json.simple.JSONObject.toJSONString(JSONObject.java:108)
at org.json.simple.JSONValue.toJSONString(JSONValue.java:199)
at org.json.simple.JSONArray.toJSONString(JSONArray.java:91)
at org.json.simple.JSONArray.toJSONString(JSONArray.java:98)
at org.json.simple.JSONValue.toJSONString(JSONValue.java:199)
at org.json.simple.JSONObject.toJSONString(JSONObject.java:119)
at org.json.simple.JSONObject.toJSONString(JSONObject.java:101)
at org.json.simple.JSONObject.toJSONString(JSONObject.java:108)
at org.json.simple.JSONValue.toJSONString(JSONValue.java:199)
at org.json.simple.JSONArray.toJSONString(JSONArray.java:91)
at org.json.simple.JSONArray.toJSONString(JSONArray.java:98)
at org.json.simple.JSONValue.toJSONString(JSONValue.java:199)
at org.json.simple.JSONObject.toJSONString(JSONObject.java:119)
at org.json.simple.JSONObject.toJSONString(JSONObject.java:101)
at org.json.simple.JSONObject.toJSONString(JSONObject.java:108)
at org.json.simple.JSONValue.toJSONString(JSONValue.java:199)
at org.json.simple.JSONArray.toJSONString(JSONArray.java:91)
at org.json.simple.JSONArray.toJSONString(JSONArray.java:98)
at org.json.simple.JSONValue.toJSONString(JSONValue.java:199)
at org.json.simple.JSONObject.toJSONString(JSONObject.java:119)
at org.json.simple.JSONObject.toJSONString(JSONObject.java:101)
at org.json.simple.JSONObject.toJSONString(JSONObject.java:108)
at org.json.simple.JSONValue.toJSONString(JSONValue.java:199)
at org.json.simple.JSONArray.toJSONString(JSONArray.java:91)
at org.json.simple.JSONArray.toJSONString(JSONArray.java:98)
at org.json.simple.JSONValue.toJSONString(JSONValue.java:199)
at org.json.simple.JSONObject.toJSONString(JSONObject.java:119)
at org.json.simple.JSONObject.toJSONString(JSONObject.java:101)
at org.json.simple.JSONObject.toJSONString(JSONObject.java:108)
at org.json.simple.JSONValue.toJSONString(JSONValue.java:199)
at org.json.simple.JSONArray.toJSONString(JSONArray.java:91)
at org.json.simple.JSONArray.toJSONString(JSONArray.java:98)
at org.json.simple.JSONValue.toJSONString(JSONValue.java:199)
at org.json.simple.JSONObject.toJSONString(JSONObject.java:119)
at org.json.simple.JSONObject.toJSONString(JSONObject.java:101)
at org.json.simple.JSONObject.toJSONString(JSONObject.java:108)
at org.json.simple.JSONValue.toJSONString(JSONValue.java:199)
at org.json.simple.JSONArray.toJSONString(JSONArray.java:91)
at org.json.simple.JSONArray.toJSONString(JSONArray.java:98)
at org.json.simple.JSONValue.toJSONString(JSONValue.java:199)
at org.json.simple.JSONObject.toJSONString(JSONObject.java:119)
at org.json.simple.JSONObject.toJSONString(JSONObject.java:101)
at org.json.simple.JSONObject.toJSONString(JSONObject.java:108)
at org.json.simple.JSONValue.toJSONString(JSONValue.java:199)
at org.json.simple.JSONArray.toJSONString(JSONArray.java:91)
at org.json.simple.JSONArray.toJSONString(JSONArray.java:98)
at org.json.simple.JSONValue.toJSONString(JSONValue.java:199)
at org.json.simple.JSONObject.toJSONString(JSONObject.java:119)
at org.json.simple.JSONObject.toJSONString(JSONObject.java:101)
at org.json.simple.JSONObject.toJSONString(JSONObject.java:108)
at org.json.simple.JSONValue.toJSONString(JSONValue.java:199)
at org.json.simple.JSONArray.toJSONString(JSONArray.java:91)
at org.json.simple.JSONArray.toJSONString(JSONArray.java:98)
at org.json.simple.JSONValue.toJSONString(JSONValue.java:199)
at org.json.simple.JSONObject.toJSONString(JSONObject.java:119)
at org.json.simple.JSONObject.toJSONString(JSONObject.java:101)
at org.json.simple.JSONObject.toJSONString(JSONObject.java:108)
at org.json.simple.JSONValue.toJSONString(JSONValue.java:199)
at org.json.simple.JSONArray.toJSONString(JSONArray.java:91)
at org.json.simple.JSONArray.toJSONString(JSONArray.java:98)
at org.json.simple.JSONValue.toJSONString(JSONValue.java:199)
at org.json.simple.JSONObject.toJSONString(JSONObject.java:119)
at org.json.simple.JSONObject.toJSONString(JSONObject.java:101)
at org.json.simple.JSONObject.toJSONString(JSONObject.java:108)
at org.json.simple.JSONValue.toJSONString(JSONValue.java:199)
at org.json.simple.JSONArray.toJSONString(JSONArray.java:91)
at org.json.simple.JSONArray.toJSONString(JSONArray.java:98)
at org.json.simple.JSONValue.toJSONString(JSONValue.java:199)
at org.json.simple.JSONObject.toJSONString(JSONObject.java:119)
]]>
    </error>
  </testcase> <!-- writedata -->
  <system-out/>
</testsuite> <!-- JSONWriting.JsonWrite02 -->
