<?xml version="1.0" encoding="UTF-8"?>
<!-- Generated by org.testng.reporters.JUnitReportReporter -->
<testsuite skipped="0" hostname="BADBOY" name="Test.test01" tests="1" failures="0" timestamp="2022-03-09T12:37:22 IST" time="8.259" errors="0">
  <testcase name="openchrome" time="8.259" classname="Test.test01"/>
  <system-out/>
</testsuite> <!-- Test.test01 -->
